age= 18
age= 18
age= 18
age= 18
age= 18
age= 45
vaccine is available in 382765
mail sent to-rutvikpatel90990@gmail.com
age= 18
age= 18
age= 18
age= 18
age= 45
vaccine is available in 382765
mail sent to-om000193patel@gmail.com
age= 18
age= 18
age= 18
age= 18
age= 18
age= 18
*********************************
age= 18
age= 18
age= 18
age= 18
age= 18
age= 45
vaccine is available in 382765
mail sent to-rutvikpatel90990@gmail.com
age= 18
age= 18
age= 18
age= 18
age= 45
vaccine is available in 382765
mail sent to-om000193patel@gmail.com
age= 18
age= 18
age= 18
age= 18
age= 18
age= 18
*********************************
age= 18
age= 18
age= 18
age= 18
age= 18
age= 45
vaccine is available in 382765
mail sent to-rutvikpatel90990@gmail.com
age= 18
age= 18
age= 18
age= 18
age= 45
vaccine is available in 382765
mail sent to-om000193patel@gmail.com
age= 18
age= 18
age= 18
age= 18
age= 18
age= 18
*********************************
age= 18
age= 18
age= 18
age= 18
age= 18
age= 45
vaccine is available in 382765
mail sent to-rutvikpatel90990@gmail.com
age= 18
age= 18
age= 18
age= 18
age= 45
vaccine is available in 382765
mail sent to-om000193patel@gmail.com
age= 18
age= 18
age= 18
age= 18
age= 18
age= 18
*********************************
age= 18
age= 18
age= 18
age= 18
age= 18
age= 45
vaccine is available in 382765
mail sent to-rutvikpatel90990@gmail.com
age= 18
age= 18
age= 18
age= 18
age= 45
vaccine is available in 382765
mail sent to-om000193patel@gmail.com
age= 18
age= 18
age= 18
age= 18
age= 18
age= 18
*********************************
age= 18
age= 18
age= 18
age= 18
age= 18
age= 45
vaccine is available in 382765
mail sent to-rutvikpatel90990@gmail.com
age= 18
age= 18
age= 18
age= 18
age= 45
vaccine is available in 382765
mail sent to-om000193patel@gmail.com
age= 18
age= 18
age= 18
age= 18
age= 18
age= 18
*********************************
age= 18
age= 18
age= 18
age= 18
age= 18
age= 45
vaccine is available in 382765
mail sent to-rutvikpatel90990@gmail.com
age= 18
age= 18
age= 18
age= 18
age= 45
vaccine is available in 382765
mail sent to-om000193patel@gmail.com
age= 18
age= 18
age= 18
age= 18
age= 18
age= 18
*********************************
age= 18
age= 18
age= 18
age= 18
age= 18
age= 45
vaccine is available in 382765
mail sent to-rutvikpatel90990@gmail.com
age= 18
age= 18
age= 18
age= 18
age= 45
vaccine is available in 382765
mail sent to-om000193patel@gmail.com
age= 18
age= 18
age= 18
age= 18
age= 18
age= 18
*********************************
age= 18
age= 18
age= 18
age= 18
age= 18
age= 45
vaccine is available in 382765
mail sent to-rutvikpatel90990@gmail.com
age= 18
age= 18
age= 18
age= 18
age= 45
vaccine is available in 382765
mail sent to-om000193patel@gmail.com
age= 18
age= 18
age= 18
age= 18
age= 18
age= 18
*********************************
age= 18
age= 18
age= 18
age= 18
age= 18
age= 45
vaccine is available in 382765
mail sent to-rutvikpatel90990@gmail.com
age= 18
age= 18
age= 18
age= 18
age= 45
vaccine is available in 382765
mail sent to-om000193patel@gmail.com
age= 18
age= 18
age= 18
age= 18
age= 18
age= 18
*********************************
age= 18
age= 18
age= 18
age= 18
age= 18
age= 45
vaccine is available in 382765
mail sent to-rutvikpatel90990@gmail.com
age= 18
age= 18
age= 18
age= 18
age= 45
vaccine is available in 382765
mail sent to-om000193patel@gmail.com
age= 18
age= 18
age= 18
age= 18
age= 18
age= 18
*********************************
age= 18
age= 18
age= 18
age= 18
age= 18
age= 45
vaccine is available in 382765
mail sent to-rutvikpatel90990@gmail.com
age= 18
age= 18
age= 18
age= 18
age= 45
vaccine is available in 382765
mail sent to-om000193patel@gmail.com
age= 18
age= 18
age= 18
age= 18
age= 18
age= 18
*********************************
age= 18
age= 18
age= 18
age= 18
age= 18
age= 45
vaccine is available in 382765
mail sent to-rutvikpatel90990@gmail.com
age= 18
age= 18
age= 18
age= 18
age= 45
vaccine is available in 382765
mail sent to-om000193patel@gmail.com
age= 18
age= 18
age= 18
age= 18
age= 18
age= 18
*********************************
age= 18
age= 18
age= 18
age= 18
age= 18
age= 45
vaccine is available in 382765
mail sent to-rutvikpatel90990@gmail.com
age= 18
age= 18
age= 18
age= 18
age= 45
vaccine is available in 382765
mail sent to-om000193patel@gmail.com
age= 18
age= 18
age= 18
age= 18
age= 18
age= 18
*********************************
age= 18
age= 18
age= 18
age= 18
age= 18
age= 45
vaccine is available in 382765
mail sent to-rutvikpatel90990@gmail.com
age= 18
age= 18
age= 18
age= 18
age= 45
vaccine is available in 382765
mail sent to-om000193patel@gmail.com
age= 18
age= 18
age= 18
age= 18
age= 18
age= 18
*********************************
age= 18
age= 18
age= 18
age= 18
age= 18
age= 45
vaccine is available in 382765
mail sent to-rutvikpatel90990@gmail.com
age= 18
age= 18
age= 18
age= 18
age= 45
vaccine is available in 382765
mail sent to-om000193patel@gmail.com
age= 18
age= 18
age= 18
age= 18
age= 18
age= 18
*********************************
age= 18
age= 18
age= 18
age= 18
age= 18
age= 45
vaccine is available in 382765
mail sent to-rutvikpatel90990@gmail.com
age= 18
age= 18
age= 18
age= 18
age= 45
vaccine is available in 382765
mail sent to-om000193patel@gmail.com
age= 18
age= 18
age= 18
age= 18
age= 18
age= 18
*********************************
age= 18
age= 18
age= 18
age= 18
age= 18
age= 45
vaccine is available in 382765
mail sent to-rutvikpatel90990@gmail.com
age= 18
age= 18
age= 18
age= 18
age= 45
vaccine is available in 382765
mail sent to-om000193patel@gmail.com
age= 18
age= 18
age= 18
age= 18
age= 18
age= 18
*********************************
age= 18
age= 18
age= 18
age= 18
age= 18
age= 45
vaccine is available in 382765
mail sent to-rutvikpatel90990@gmail.com
age= 18
age= 18
age= 18
age= 18
age= 45
vaccine is available in 382765
mail sent to-om000193patel@gmail.com
age= 18
age= 18
age= 18
age= 18
age= 18
age= 18
*********************************
age= 18
age= 18
age= 18
age= 18
age= 18
age= 45
vaccine is available in 382765
mail sent to-rutvikpatel90990@gmail.com
age= 18
age= 18
age= 18
age= 18
age= 45
vaccine is available in 382765
mail sent to-om000193patel@gmail.com
age= 18
age= 18
age= 18
age= 18
age= 18
age= 18
*********************************
age= 18
age= 18
age= 18
age= 18
age= 18
age= 45
vaccine is available in 382765
mail sent to-rutvikpatel90990@gmail.com
age= 18
age= 18
age= 18
age= 18
age= 45
vaccine is available in 382765
mail sent to-om000193patel@gmail.com
age= 18
age= 18
age= 18
age= 18
age= 18
age= 18
*********************************
age= 18
age= 18
age= 18
age= 18
age= 18
age= 45
vaccine is available in 382765
mail sent to-rutvikpatel90990@gmail.com
age= 18
age= 18
age= 18
age= 18
age= 45
vaccine is available in 382765
mail sent to-om000193patel@gmail.com
age= 18
age= 18
age= 18
age= 18
age= 18
age= 18
*********************************
age= 18
age= 18
age= 18
age= 18
age= 18
age= 45
vaccine is available in 382765
mail sent to-rutvikpatel90990@gmail.com
age= 18
age= 18
age= 18
age= 18
age= 45
vaccine is available in 382765
mail sent to-om000193patel@gmail.com
age= 18
age= 18
age= 18
age= 18
age= 18
age= 18
*********************************
age= 18
age= 18
age= 18
age= 18
age= 18
age= 45
vaccine is available in 382765
mail sent to-rutvikpatel90990@gmail.com
age= 18
age= 18
age= 18
age= 18
age= 45
vaccine is available in 382765
mail sent to-om000193patel@gmail.com
age= 18
age= 18
age= 18
age= 18
age= 18
age= 18
*********************************
age= 18
age= 18
age= 18
age= 18
age= 18
age= 45
vaccine is available in 382765
mail sent to-rutvikpatel90990@gmail.com
age= 18
age= 18
age= 18
age= 18
age= 45
vaccine is available in 382765
mail sent to-om000193patel@gmail.com
age= 18
age= 18
age= 18
age= 18
age= 18
age= 18
*********************************
age= 18
age= 18
age= 18
age= 18
age= 18
age= 45
vaccine is available in 382765
mail sent to-rutvikpatel90990@gmail.com
age= 18
age= 18
age= 18
age= 18
age= 45
vaccine is available in 382765
mail sent to-om000193patel@gmail.com
age= 18
age= 18
age= 18
age= 18
age= 18
age= 18
*********************************
age= 18
age= 18
age= 18
age= 18
age= 18
age= 45
vaccine is available in 382765
mail sent to-rutvikpatel90990@gmail.com
age= 18
age= 18
age= 18
age= 18
age= 45
vaccine is available in 382765
mail sent to-om000193patel@gmail.com
age= 18
age= 18
age= 18
age= 18
age= 18
age= 18
*********************************
age= 18
age= 18
age= 18
age= 18
age= 18
age= 45
vaccine is available in 382765
mail sent to-rutvikpatel90990@gmail.com
age= 18
age= 18
age= 18
age= 18
age= 45
vaccine is available in 382765
mail sent to-om000193patel@gmail.com
age= 18
age= 18
age= 18
age= 18
age= 18
age= 18
*********************************
age= 18
age= 18
age= 18
age= 18
age= 18
age= 45
vaccine is available in 382765
mail sent to-rutvikpatel90990@gmail.com
age= 18
age= 18
age= 18
age= 18
age= 45
vaccine is available in 382765
mail sent to-om000193patel@gmail.com
age= 18
age= 18
age= 18
age= 18
age= 18
age= 18
*********************************
age= 18
age= 18
age= 18
age= 18
age= 18
age= 45
vaccine is available in 382765
mail sent to-rutvikpatel90990@gmail.com
age= 18
age= 18
age= 18
age= 18
age= 45
vaccine is available in 382765
mail sent to-om000193patel@gmail.com
age= 18
age= 18
age= 18
age= 18
age= 18
age= 18
*********************************
age= 18
age= 18
age= 18
age= 18
age= 18
age= 45
vaccine is available in 382765
mail sent to-rutvikpatel90990@gmail.com
age= 18
age= 18
age= 18
age= 18
age= 45
vaccine is available in 382765
mail sent to-om000193patel@gmail.com
age= 18
age= 18
age= 18
age= 18
age= 18
age= 18
*********************************
age= 18
age= 18
age= 18
age= 18
age= 18
age= 45
vaccine is available in 382765
mail sent to-rutvikpatel90990@gmail.com
age= 18
age= 18
age= 18
age= 18
age= 45
vaccine is available in 382765
mail sent to-om000193patel@gmail.com
age= 18
age= 18
age= 18
age= 18
age= 18
age= 18
*********************************
age= 18
age= 18
age= 18
age= 18
age= 18
age= 45
vaccine is available in 382765
mail sent to-rutvikpatel90990@gmail.com
age= 18
age= 18
age= 18
age= 18
age= 45
vaccine is available in 382765
mail sent to-om000193patel@gmail.com
age= 18
age= 18
age= 18
age= 18
age= 18
age= 18
*********************************
age= 18
age= 18
age= 18
age= 18
age= 18
age= 45
vaccine is available in 382765
mail sent to-rutvikpatel90990@gmail.com
age= 18
age= 18
age= 18
age= 18
age= 45
vaccine is available in 382765
mail sent to-om000193patel@gmail.com
age= 18
age= 18
age= 18
age= 18
age= 18
age= 18
*********************************
age= 18
age= 18
age= 18
age= 18
age= 18
age= 45
vaccine is available in 382765
mail sent to-rutvikpatel90990@gmail.com
age= 18
age= 18
age= 18
age= 18
age= 45
vaccine is available in 382765
mail sent to-om000193patel@gmail.com
age= 18
age= 18
age= 18
age= 18
age= 18
age= 18
*********************************
age= 18
age= 18
age= 18
age= 18
age= 18
age= 45
vaccine is available in 382765
mail sent to-rutvikpatel90990@gmail.com
age= 18
age= 18
age= 18
age= 18
age= 45
vaccine is available in 382765
mail sent to-om000193patel@gmail.com
age= 18
age= 18
age= 18
age= 18
age= 18
age= 18
*********************************
age= 18
age= 18
age= 18
age= 18
age= 18
age= 45
vaccine is available in 382765
mail sent to-rutvikpatel90990@gmail.com
age= 18
age= 18
age= 18
age= 18
age= 45
vaccine is available in 382765
mail sent to-om000193patel@gmail.com
age= 18
age= 18
age= 18
age= 18
age= 18
age= 18
*********************************
age= 18
age= 18
age= 18
age= 18
age= 18
age= 45
vaccine is available in 382765
mail sent to-rutvikpatel90990@gmail.com
age= 18
age= 18
age= 18
age= 18
age= 45
vaccine is available in 382765
mail sent to-om000193patel@gmail.com
age= 18
age= 18
age= 18
age= 18
age= 18
age= 18
*********************************
age= 18
age= 18
age= 18
age= 18
age= 18
age= 45
vaccine is available in 382765
mail sent to-rutvikpatel90990@gmail.com
age= 18
age= 18
age= 18
age= 18
age= 45
vaccine is available in 382765
mail sent to-om000193patel@gmail.com
age= 18
age= 18
age= 18
age= 18
age= 18
age= 18
*********************************
age= 18
age= 18
age= 18
age= 18
age= 18
age= 45
vaccine is available in 382765
mail sent to-rutvikpatel90990@gmail.com
age= 18
age= 18
age= 18
age= 18
age= 45
vaccine is available in 382765
mail sent to-om000193patel@gmail.com
age= 18
age= 18
age= 18
age= 18
age= 18
age= 18
*********************************
age= 18
age= 18
age= 18
age= 18
age= 18
age= 45
vaccine is available in 382765
mail sent to-rutvikpatel90990@gmail.com
age= 18
age= 18
age= 18
age= 18
age= 45
vaccine is available in 382765
mail sent to-om000193patel@gmail.com
age= 18
age= 18
age= 18
age= 18
age= 18
age= 18
*********************************
age= 18
age= 18
age= 18
age= 18
age= 18
age= 45
vaccine is available in 382765
mail sent to-rutvikpatel90990@gmail.com
age= 18
age= 18
age= 18
age= 18
age= 45
vaccine is available in 382765
mail sent to-om000193patel@gmail.com
age= 18
age= 18
age= 18
age= 18
age= 18
age= 18
*********************************
age= 18
age= 18
age= 18
age= 18
age= 18
age= 45
vaccine is available in 382765
mail sent to-rutvikpatel90990@gmail.com
age= 18
age= 18
age= 18
age= 18
age= 45
vaccine is available in 382765
mail sent to-om000193patel@gmail.com
age= 18
age= 18
age= 18
age= 18
age= 18
age= 18
*********************************
age= 18
age= 18
age= 18
age= 18
age= 18
age= 45
vaccine is available in 382765
mail sent to-rutvikpatel90990@gmail.com
age= 18
age= 18
age= 18
age= 18
age= 45
vaccine is available in 382765
mail sent to-om000193patel@gmail.com
age= 18
age= 18
age= 18
age= 18
age= 18
age= 18
*********************************
age= 18
age= 18
age= 18
age= 18
age= 18
age= 45
vaccine is available in 382765
mail sent to-rutvikpatel90990@gmail.com
age= 18
age= 18
age= 18
age= 18
age= 45
vaccine is available in 382765
mail sent to-om000193patel@gmail.com
age= 18
age= 18
age= 18
age= 18
age= 18
age= 18
age= 45
vaccine is available in Ahmedabad
mail sent to-dhwanid2001@gmail.com
age= 45
age= 45
age= 45
age= 45
age= 45
age= 45
*********************************
age= 18
age= 18
age= 18
age= 18
age= 18
age= 45
vaccine is available in 382765
mail sent to-rutvikpatel90990@gmail.com
age= 18
age= 18
age= 18
age= 18
age= 45
vaccine is available in 382765
mail sent to-om000193patel@gmail.com
age= 18
age= 18
age= 18
age= 18
age= 18
age= 18
age= 45
vaccine is available in Ahmedabad
mail sent to-dhwanid2001@gmail.com
age= 45
age= 45
age= 45
age= 45
age= 45
age= 45
*********************************
age= 18
age= 18
age= 18
age= 18
age= 18
age= 18
age= 18
age= 18
age= 18
age= 18
age= 18
age= 18
age= 18
age= 18
age= 18
age= 45
vaccine is available in Ahmedabad
mail sent to-dhwanid2001@gmail.com
age= 45
age= 45
age= 45
age= 45
age= 45
age= 45
*********************************
age= 18
age= 18
age= 18
age= 18
age= 18
age= 18
age= 18
age= 18
age= 18
age= 18
age= 18
age= 18
age= 18
age= 18
age= 18
age= 45
vaccine is available in Ahmedabad
mail sent to-dhwanid2001@gmail.com
age= 45
age= 45
age= 45
age= 45
age= 45
age= 45
*********************************
age= 18
age= 18
age= 18
age= 18
age= 18
age= 18
age= 18
age= 18
age= 18
age= 18
age= 18
age= 18
age= 18
age= 18
age= 18
age= 45
vaccine is available in Ahmedabad
mail sent to-dhwanid2001@gmail.com
age= 45
age= 45
age= 45
age= 45
age= 45
age= 45
*********************************
age= 18
age= 18
age= 18
age= 18
age= 18
age= 18
age= 18
age= 18
age= 18
age= 18
age= 18
age= 18
age= 18
age= 18
age= 18
age= 45
vaccine is available in Ahmedabad
mail sent to-dhwanid2001@gmail.com
age= 45
age= 45
age= 45
age= 45
age= 45
age= 45
*********************************
age= 18
age= 18
vaccine is available in Kutch
mail sent to-psangita492@gmail.com
age= 18
age= 18
vaccine is available in Kutch
mail sent to-zeelpatel48964896@gmail.com
age= 18
age= 18
age= 18
age= 18
age= 18
age= 18
age= 18
age= 18
age= 18
age= 18
age= 18
age= 45
vaccine is available in Ahmedabad
mail sent to-dhwanid2001@gmail.com
age= 45
age= 45
age= 45
age= 45
age= 45
age= 45
*********************************
age= 18
age= 18
age= 18
age= 18
age= 18
age= 18
age= 18
age= 18
age= 18
age= 18
age= 18
age= 18
age= 18
age= 18
age= 18
age= 45
vaccine is available in Ahmedabad
mail sent to-dhwanid2001@gmail.com
age= 45
age= 45
age= 45
age= 45
age= 45
age= 45
*********************************
age= 18
age= 18
age= 18
vaccine is available in Ahmedabad Corporation
mail sent to-sangita13375@gmail.com
age= 18/home/ubuntu/.local/lib/python3.6/site-packages/flask_sqlalchemy/__init__.py:873: FSADeprecationWarning: SQLALCHEMY_TRACK_MODIFICATIONS adds significant overhead and will be disabled by default in the future.  Set it to True or False to suppress this warning.
  'SQLALCHEMY_TRACK_MODIFICATIONS adds significant overhead and '
users: ['karmpatel216@gmail.com', 'nencyp124@gmail.com', 'malavmevada2000@gmail.com']
users: ['psangita492@gmail.com', 'zeelpatel48964896@gmail.com']
users: ['sangita13375@gmail.com']
users: ['smitpanchal42@gmail.com']
users: ['aacharya8085@gmail.com']
users: ['vishwapatel9804@gmail.com']
users: ['deepvaghela1082001@gmail.com', 'mahishapatel3220@gmail.com', 'mahishapatel25.09@gmail.com']
users: ['lavenderp0px0@gmail.com']
users: ['ishapatel2021@gmail.com']
users: ['karmasmart216@gmail.com']
users: ['dhwanid2001@gmail.com']
vaccine is available in Ahmedabad for age 45+
2021-05-08 08:08:17.834969 - mail sent to-['dhwanid2001@gmail.com']
users: ['dhvanice@gmail.com']
users: ['ew25873@gmail.com']
users: ['dhwanib.desai@gmail.com']
users: ['gbdesai18@gmail.com', 'pipadesai@gmail.com', 'bhavikd73@gmail.com']
*********************************
users: ['karmpatel216@gmail.com', 'nencyp124@gmail.com', 'malavmevada2000@gmail.com']
users: ['psangita492@gmail.com', 'zeelpatel48964896@gmail.com']
users: ['sangita13375@gmail.com']
users: ['smitpanchal42@gmail.com']
users: ['aacharya8085@gmail.com']
users: ['vishwapatel9804@gmail.com']
users: ['deepvaghela1082001@gmail.com', 'mahishapatel3220@gmail.com', 'mahishapatel25.09@gmail.com']
users: ['lavenderp0px0@gmail.com']
users: ['ishapatel2021@gmail.com']
users: ['karmasmart216@gmail.com']
users: ['dhwanid2001@gmail.com']
vaccine is available in Ahmedabad for age 45+
2021-05-08 08:13:23.063331 - mail sent to-['dhwanid2001@gmail.com']
users: ['dhvanice@gmail.com']
users: ['ew25873@gmail.com']
users: ['dhwanib.desai@gmail.com']
users: ['gbdesai18@gmail.com', 'pipadesai@gmail.com', 'bhavikd73@gmail.com']
*********************************
users: ['karmpatel216@gmail.com', 'nencyp124@gmail.com', 'malavmevada2000@gmail.com', 'dhwanid2001@gmail.com']
users: ['psangita492@gmail.com', 'zeelpatel48964896@gmail.com']
users: ['sangita13375@gmail.com']
users: ['smitpanchal42@gmail.com']
users: ['aacharya8085@gmail.com']
users: ['vishwapatel9804@gmail.com']
users: ['deepvaghela1082001@gmail.com', 'mahishapatel3220@gmail.com', 'mahishapatel25.09@gmail.com']
users: ['lavenderp0px0@gmail.com']
users: ['ishapatel2021@gmail.com']
users: ['karmasmart216@gmail.com']
users: ['dhvanice@gmail.com']
users: ['ew25873@gmail.com']
users: ['dhwanib.desai@gmail.com']
users: ['gbdesai18@gmail.com', 'pipadesai@gmail.com', 'bhavikd73@gmail.com']
*********************************
users: ['karmpatel216@gmail.com', 'nencyp124@gmail.com', 'malavmevada2000@gmail.com', 'dhwanid2001@gmail.com']
users: ['psangita492@gmail.com', 'zeelpatel48964896@gmail.com']
users: ['sangita13375@gmail.com']
users: ['smitpanchal42@gmail.com']
users: ['aacharya8085@gmail.com']
users: ['vishwapatel9804@gmail.com']
users: ['deepvaghela1082001@gmail.com', 'mahishapatel3220@gmail.com', 'mahishapatel25.09@gmail.com']
users: ['lavenderp0px0@gmail.com']
users: ['ishapatel2021@gmail.com']
users: ['karmasmart216@gmail.com']
users: ['dhvanice@gmail.com']
users: ['ew25873@gmail.com']
users: ['dhwanib.desai@gmail.com']
users: ['gbdesai18@gmail.com', 'pipadesai@gmail.com', 'bhavikd73@gmail.com']
*********************************
users: ['karmpatel216@gmail.com', 'nencyp124@gmail.com', 'malavmevada2000@gmail.com', 'dhwanid2001@gmail.com']
users: ['psangita492@gmail.com', 'zeelpatel48964896@gmail.com']
users: ['sangita13375@gmail.com']
users: ['smitpanchal42@gmail.com']
users: ['aacharya8085@gmail.com']
users: ['vishwapatel9804@gmail.com']
users: ['deepvaghela1082001@gmail.com', 'mahishapatel3220@gmail.com', 'mahishapatel25.09@gmail.com']
users: ['lavenderp0px0@gmail.com']
users: ['ishapatel2021@gmail.com']
users: ['karmasmart216@gmail.com']
users: ['dhvanice@gmail.com']
users: ['ew25873@gmail.com']
users: ['dhwanib.desai@gmail.com']
users: ['gbdesai18@gmail.com', 'pipadesai@gmail.com', 'bhavikd73@gmail.com']
*********************************
users: ['karmpatel216@gmail.com', 'nencyp124@gmail.com', 'malavmevada2000@gmail.com', 'dhwanid2001@gmail.com']
users: ['psangita492@gmail.com', 'zeelpatel48964896@gmail.com']
users: ['sangita13375@gmail.com']
users: ['smitpanchal42@gmail.com']
users: ['aacharya8085@gmail.com']
users: ['vishwapatel9804@gmail.com']
users: ['deepvaghela1082001@gmail.com', 'mahishapatel3220@gmail.com', 'mahishapatel25.09@gmail.com']
users: ['lavenderp0px0@gmail.com']
users: ['ishapatel2021@gmail.com']
users: ['dhvanice@gmail.com']
users: ['ew25873@gmail.com']
users: ['dhwanib.desai@gmail.com']
users: ['gbdesai18@gmail.com', 'pipadesai@gmail.com', 'bhavikd73@gmail.com']
Traceback (most recent call last):
  File "check.py", line 23, in <module>
    district = obj.data["district"]
KeyError: 'district'
users: ['karmpatel216@gmail.com', 'nencyp124@gmail.com', 'malavmevada2000@gmail.com', 'dhwanid2001@gmail.com']
users: ['psangita492@gmail.com', 'zeelpatel48964896@gmail.com']
users: ['sangita13375@gmail.com']
users: ['smitpanchal42@gmail.com']
users: ['aacharya8085@gmail.com']
users: ['vishwapatel9804@gmail.com']
users: ['deepvaghela1082001@gmail.com', 'mahishapatel3220@gmail.com', 'mahishapatel25.09@gmail.com']
users: ['lavenderp0px0@gmail.com']
users: ['ishapatel2021@gmail.com']
users: ['dhvanice@gmail.com']
users: ['ew25873@gmail.com']
users: ['dhwanib.desai@gmail.com']
users: ['gbdesai18@gmail.com', 'pipadesai@gmail.com', 'bhavikd73@gmail.com']
users: ['karmasmart216@gmail.com']
*********************************
users: ['karmpatel216@gmail.com', 'nencyp124@gmail.com', 'malavmevada2000@gmail.com', 'dhwanid2001@gmail.com']
users: ['psangita492@gmail.com', 'zeelpatel48964896@gmail.com']
users: ['sangita13375@gmail.com']
users: ['smitpanchal42@gmail.com']
users: ['aacharya8085@gmail.com']
users: ['vishwapatel9804@gmail.com']
users: ['deepvaghela1082001@gmail.com', 'mahishapatel3220@gmail.com', 'mahishapatel25.09@gmail.com']
users: ['lavenderp0px0@gmail.com']
users: ['ishapatel2021@gmail.com']
users: ['dhvanice@gmail.com']
users: ['ew25873@gmail.com']
users: ['dhwanib.desai@gmail.com']
users: ['gbdesai18@gmail.com', 'pipadesai@gmail.com', 'bhavikd73@gmail.com']
users: ['karmasmart216@gmail.com']
*********************************
users: ['karmpatel216@gmail.com', 'nencyp124@gmail.com', 'malavmevada2000@gmail.com', 'dhwanid2001@gmail.com']
users: ['psangita492@gmail.com', 'zeelpatel48964896@gmail.com']
users: ['sangita13375@gmail.com']
users: ['smitpanchal42@gmail.com']
users: ['aacharya8085@gmail.com']
users: ['vishwapatel9804@gmail.com']
users: ['deepvaghela1082001@gmail.com', 'mahishapatel3220@gmail.com', 'mahishapatel25.09@gmail.com']
users: ['lavenderp0px0@gmail.com']
users: ['ishapatel2021@gmail.com']
users: ['dhvanice@gmail.com']
users: ['ew25873@gmail.com']
users: ['dhwanib.desai@gmail.com']
users: ['gbdesai18@gmail.com', 'pipadesai@gmail.com', 'bhavikd73@gmail.com']
users: ['karmasmart216@gmail.com']
*********************************
users: ['karmpatel216@gmail.com', 'nencyp124@gmail.com', 'malavmevada2000@gmail.com', 'dhwanid2001@gmail.com']
users: ['psangita492@gmail.com', 'zeelpatel48964896@gmail.com']
users: ['sangita13375@gmail.com']
users: ['smitpanchal42@gmail.com']
users: ['aacharya8085@gmail.com']
users: ['vishwapatel9804@gmail.com']
users: ['deepvaghela1082001@gmail.com', 'mahishapatel3220@gmail.com', 'mahishapatel25.09@gmail.com']
users: ['lavenderp0px0@gmail.com']
users: ['ishapatel2021@gmail.com']
users: ['dhvanice@gmail.com']
users: ['ew25873@gmail.com']
users: ['dhwanib.desai@gmail.com']
users: ['gbdesai18@gmail.com', 'pipadesai@gmail.com', 'bhavikd73@gmail.com']
users: ['karmasmart216@gmail.com']
*********************************
users: ['karmpatel216@gmail.com', 'nencyp124@gmail.com', 'malavmevada2000@gmail.com', 'dhwanid2001@gmail.com']
users: ['psangita492@gmail.com', 'zeelpatel48964896@gmail.com']
users: ['sangita13375@gmail.com']
users: ['smitpanchal42@gmail.com']
users: ['aacharya8085@gmail.com']
users: ['vishwapatel9804@gmail.com']
users: ['deepvaghela1082001@gmail.com', 'mahishapatel3220@gmail.com', 'mahishapatel25.09@gmail.com']
users: ['lavenderp0px0@gmail.com']
users: ['ishapatel2021@gmail.com']
users: ['dhvanice@gmail.com']
users: ['ew25873@gmail.com']
users: ['dhwanib.desai@gmail.com']
users: ['gbdesai18@gmail.com', 'pipadesai@gmail.com', 'bhavikd73@gmail.com']
users: ['karmasmart216@gmail.com']
*********************************
users: ['karmpatel216@gmail.com', 'nencyp124@gmail.com', 'malavmevada2000@gmail.com', 'dhwanid2001@gmail.com']
users: ['psangita492@gmail.com', 'zeelpatel48964896@gmail.com']
users: ['sangita13375@gmail.com']
users: ['smitpanchal42@gmail.com']
users: ['aacharya8085@gmail.com']
users: ['vishwapatel9804@gmail.com']
users: ['deepvaghela1082001@gmail.com', 'mahishapatel3220@gmail.com', 'mahishapatel25.09@gmail.com']
users: ['lavenderp0px0@gmail.com']
users: ['ishapatel2021@gmail.com']
users: ['dhvanice@gmail.com']
users: ['ew25873@gmail.com']
users: ['dhwanib.desai@gmail.com']
users: ['gbdesai18@gmail.com', 'pipadesai@gmail.com', 'bhavikd73@gmail.com']
users: ['karmasmart216@gmail.com']
*********************************
users: ['karmpatel216@gmail.com', 'nencyp124@gmail.com', 'malavmevada2000@gmail.com', 'dhwanid2001@gmail.com']
users: ['psangita492@gmail.com', 'zeelpatel48964896@gmail.com']
users: ['sangita13375@gmail.com']
users: ['smitpanchal42@gmail.com']
users: ['aacharya8085@gmail.com']
users: ['vishwapatel9804@gmail.com']
users: ['deepvaghela1082001@gmail.com', 'mahishapatel3220@gmail.com', 'mahishapatel25.09@gmail.com']
users: ['lavenderp0px0@gmail.com']
users: ['ishapatel2021@gmail.com']
users: ['dhvanice@gmail.com']
users: ['ew25873@gmail.com']
users: ['dhwanib.desai@gmail.com']
users: ['gbdesai18@gmail.com', 'pipadesai@gmail.com', 'bhavikd73@gmail.com']
users: ['karmasmart216@gmail.com']
*********************************
users: ['karmpatel216@gmail.com', 'nencyp124@gmail.com', 'malavmevada2000@gmail.com', 'dhwanid2001@gmail.com']
users: ['psangita492@gmail.com', 'zeelpatel48964896@gmail.com']
users: ['sangita13375@gmail.com']
users: ['smitpanchal42@gmail.com']
users: ['aacharya8085@gmail.com']
users: ['vishwapatel9804@gmail.com']
users: ['deepvaghela1082001@gmail.com', 'mahishapatel3220@gmail.com', 'mahishapatel25.09@gmail.com']
users: ['lavenderp0px0@gmail.com']
users: ['ishapatel2021@gmail.com']
users: ['dhvanice@gmail.com']
users: ['ew25873@gmail.com']
users: ['dhwanib.desai@gmail.com']
users: ['gbdesai18@gmail.com', 'pipadesai@gmail.com', 'bhavikd73@gmail.com']
users: ['karmasmart216@gmail.com']
*********************************
users: ['karmpatel216@gmail.com', 'nencyp124@gmail.com', 'malavmevada2000@gmail.com', 'dhwanid2001@gmail.com']
users: ['psangita492@gmail.com', 'zeelpatel48964896@gmail.com']
users: ['sangita13375@gmail.com']
users: ['smitpanchal42@gmail.com']
users: ['aacharya8085@gmail.com']
users: ['vishwapatel9804@gmail.com']
users: ['deepvaghela1082001@gmail.com', 'mahishapatel3220@gmail.com', 'mahishapatel25.09@gmail.com']
users: ['lavenderp0px0@gmail.com']
users: ['ishapatel2021@gmail.com']
users: ['dhvanice@gmail.com']
users: ['ew25873@gmail.com']
users: ['dhwanib.desai@gmail.com']
users: ['gbdesai18@gmail.com', 'pipadesai@gmail.com', 'bhavikd73@gmail.com']
users: ['karmasmart216@gmail.com']
*********************************
users: ['karmpatel216@gmail.com', 'nencyp124@gmail.com', 'malavmevada2000@gmail.com', 'dhwanid2001@gmail.com']
users: ['psangita492@gmail.com', 'zeelpatel48964896@gmail.com']
users: ['sangita13375@gmail.com']
users: ['smitpanchal42@gmail.com']
users: ['aacharya8085@gmail.com']
users: ['vishwapatel9804@gmail.com']
users: ['deepvaghela1082001@gmail.com', 'mahishapatel3220@gmail.com', 'mahishapatel25.09@gmail.com']
users: ['lavenderp0px0@gmail.com']
users: ['ishapatel2021@gmail.com']
users: ['dhvanice@gmail.com']
users: ['ew25873@gmail.com']
users: ['dhwanib.desai@gmail.com']
users: ['gbdesai18@gmail.com', 'pipadesai@gmail.com', 'bhavikd73@gmail.com']
users: ['karmasmart216@gmail.com']
*********************************
users: ['karmpatel216@gmail.com', 'nencyp124@gmail.com', 'malavmevada2000@gmail.com', 'dhwanid2001@gmail.com']
users: ['psangita492@gmail.com', 'zeelpatel48964896@gmail.com']
users: ['sangita13375@gmail.com']
users: ['smitpanchal42@gmail.com']
users: ['aacharya8085@gmail.com']
users: ['vishwapatel9804@gmail.com']
users: ['deepvaghela1082001@gmail.com', 'mahishapatel3220@gmail.com', 'mahishapatel25.09@gmail.com']
users: ['lavenderp0px0@gmail.com']
users: ['ishapatel2021@gmail.com']
users: ['dhvanice@gmail.com']
users: ['ew25873@gmail.com']
users: ['dhwanib.desai@gmail.com']
users: ['gbdesai18@gmail.com', 'pipadesai@gmail.com', 'bhavikd73@gmail.com']
users: ['karmasmart216@gmail.com']
*********************************
users: ['karmpatel216@gmail.com', 'nencyp124@gmail.com', 'malavmevada2000@gmail.com', 'dhwanid2001@gmail.com']
users: ['psangita492@gmail.com', 'zeelpatel48964896@gmail.com']
users: ['sangita13375@gmail.com']
users: ['smitpanchal42@gmail.com']
users: ['aacharya8085@gmail.com']
users: ['vishwapatel9804@gmail.com']
users: ['deepvaghela1082001@gmail.com', 'mahishapatel3220@gmail.com', 'mahishapatel25.09@gmail.com']
users: ['lavenderp0px0@gmail.com']
users: ['ishapatel2021@gmail.com']
users: ['dhvanice@gmail.com']
users: ['ew25873@gmail.com']
users: ['dhwanib.desai@gmail.com']
users: ['gbdesai18@gmail.com', 'pipadesai@gmail.com', 'bhavikd73@gmail.com']
users: ['karmasmart216@gmail.com']
*********************************
users: ['karmpatel216@gmail.com', 'nencyp124@gmail.com', 'malavmevada2000@gmail.com', 'dhwanid2001@gmail.com']
users: ['psangita492@gmail.com', 'zeelpatel48964896@gmail.com']
users: ['sangita13375@gmail.com']
users: ['smitpanchal42@gmail.com']
users: ['aacharya8085@gmail.com']
users: ['vishwapatel9804@gmail.com']
users: ['deepvaghela1082001@gmail.com', 'mahishapatel3220@gmail.com', 'mahishapatel25.09@gmail.com']
users: ['lavenderp0px0@gmail.com']
users: ['ishapatel2021@gmail.com']
users: ['dhvanice@gmail.com']
users: ['ew25873@gmail.com']
users: ['dhwanib.desai@gmail.com']
users: ['gbdesai18@gmail.com', 'pipadesai@gmail.com', 'bhavikd73@gmail.com']
users: ['karmasmart216@gmail.com']
*********************************
users: ['karmpatel216@gmail.com', 'nencyp124@gmail.com', 'malavmevada2000@gmail.com', 'dhwanid2001@gmail.com']
users: ['psangita492@gmail.com', 'zeelpatel48964896@gmail.com']
users: ['sangita13375@gmail.com']
users: ['smitpanchal42@gmail.com']
users: ['aacharya8085@gmail.com']
users: ['vishwapatel9804@gmail.com']
users: ['deepvaghela1082001@gmail.com', 'mahishapatel3220@gmail.com', 'mahishapatel25.09@gmail.com']
users: ['lavenderp0px0@gmail.com']
users: ['ishapatel2021@gmail.com']
users: ['dhvanice@gmail.com']
users: ['ew25873@gmail.com']
users: ['dhwanib.desai@gmail.com']
users: ['gbdesai18@gmail.com', 'pipadesai@gmail.com', 'bhavikd73@gmail.com']
users: ['karmasmart216@gmail.com']
*********************************
users: ['karmpatel216@gmail.com', 'nencyp124@gmail.com', 'malavmevada2000@gmail.com', 'dhwanid2001@gmail.com']
users: ['psangita492@gmail.com', 'zeelpatel48964896@gmail.com']
users: ['sangita13375@gmail.com']
users: ['smitpanchal42@gmail.com']
users: ['aacharya8085@gmail.com']
users: ['vishwapatel9804@gmail.com']
users: ['deepvaghela1082001@gmail.com', 'mahishapatel3220@gmail.com', 'mahishapatel25.09@gmail.com']
users: ['lavenderp0px0@gmail.com']
users: ['ishapatel2021@gmail.com']
users: ['dhvanice@gmail.com']
users: ['ew25873@gmail.com']
users: ['dhwanib.desai@gmail.com']
users: ['gbdesai18@gmail.com', 'pipadesai@gmail.com', 'bhavikd73@gmail.com']
users: ['karmasmart216@gmail.com']
*********************************
users: ['karmpatel216@gmail.com', 'nencyp124@gmail.com', 'malavmevada2000@gmail.com', 'dhwanid2001@gmail.com']
users: ['psangita492@gmail.com', 'zeelpatel48964896@gmail.com']
users: ['sangita13375@gmail.com']
users: ['smitpanchal42@gmail.com']
users: ['aacharya8085@gmail.com']
users: ['vishwapatel9804@gmail.com']
users: ['deepvaghela1082001@gmail.com', 'mahishapatel3220@gmail.com', 'mahishapatel25.09@gmail.com']
users: ['lavenderp0px0@gmail.com']
users: ['ishapatel2021@gmail.com']
users: ['dhvanice@gmail.com']
users: ['ew25873@gmail.com']
users: ['dhwanib.desai@gmail.com']
users: ['gbdesai18@gmail.com', 'pipadesai@gmail.com', 'bhavikd73@gmail.com']
users: ['karmasmart216@gmail.com']
*********************************
users: ['karmpatel216@gmail.com', 'nencyp124@gmail.com', 'malavmevada2000@gmail.com', 'dhwanid2001@gmail.com']
users: ['psangita492@gmail.com', 'zeelpatel48964896@gmail.com']
users: ['sangita13375@gmail.com']
users: ['smitpanchal42@gmail.com']
users: ['aacharya8085@gmail.com']
users: ['vishwapatel9804@gmail.com']
users: ['deepvaghela1082001@gmail.com', 'mahishapatel3220@gmail.com', 'mahishapatel25.09@gmail.com']
users: ['lavenderp0px0@gmail.com']
users: ['ishapatel2021@gmail.com']
users: ['dhvanice@gmail.com']
users: ['ew25873@gmail.com']
users: ['dhwanib.desai@gmail.com']
users: ['gbdesai18@gmail.com', 'pipadesai@gmail.com', 'bhavikd73@gmail.com']
users: ['karmasmart216@gmail.com']
*********************************
users: ['karmpatel216@gmail.com', 'nencyp124@gmail.com', 'malavmevada2000@gmail.com', 'dhwanid2001@gmail.com']
users: ['psangita492@gmail.com', 'zeelpatel48964896@gmail.com']
users: ['sangita13375@gmail.com']
users: ['smitpanchal42@gmail.com']
users: ['aacharya8085@gmail.com']
users: ['vishwapatel9804@gmail.com']
users: ['deepvaghela1082001@gmail.com', 'mahishapatel3220@gmail.com', 'mahishapatel25.09@gmail.com']
users: ['lavenderp0px0@gmail.com']
users: ['ishapatel2021@gmail.com']
users: ['dhvanice@gmail.com']
users: ['ew25873@gmail.com']
users: ['dhwanib.desai@gmail.com']
users: ['gbdesai18@gmail.com', 'pipadesai@gmail.com', 'bhavikd73@gmail.com']
users: ['karmasmart216@gmail.com']
*********************************
users: ['karmpatel216@gmail.com', 'nencyp124@gmail.com', 'malavmevada2000@gmail.com', 'dhwanid2001@gmail.com']
users: ['psangita492@gmail.com', 'zeelpatel48964896@gmail.com']
users: ['sangita13375@gmail.com']
users: ['smitpanchal42@gmail.com']
users: ['aacharya8085@gmail.com']
users: ['vishwapatel9804@gmail.com']
users: ['deepvaghela1082001@gmail.com', 'mahishapatel3220@gmail.com', 'mahishapatel25.09@gmail.com']
users: ['lavenderp0px0@gmail.com']
users: ['ishapatel2021@gmail.com']
users: ['dhvanice@gmail.com']
users: ['ew25873@gmail.com']
users: ['dhwanib.desai@gmail.com']
users: ['gbdesai18@gmail.com', 'pipadesai@gmail.com', 'bhavikd73@gmail.com']
users: ['karmasmart216@gmail.com']
*********************************
users: ['karmpatel216@gmail.com', 'nencyp124@gmail.com', 'malavmevada2000@gmail.com', 'dhwanid2001@gmail.com']
users: ['psangita492@gmail.com', 'zeelpatel48964896@gmail.com']
users: ['sangita13375@gmail.com']
users: ['smitpanchal42@gmail.com']
users: ['aacharya8085@gmail.com']
users: ['vishwapatel9804@gmail.com']
users: ['deepvaghela1082001@gmail.com', 'mahishapatel3220@gmail.com', 'mahishapatel25.09@gmail.com']
users: ['lavenderp0px0@gmail.com']
users: ['ishapatel2021@gmail.com']
users: ['dhvanice@gmail.com']
users: ['ew25873@gmail.com']
users: ['dhwanib.desai@gmail.com']
users: ['gbdesai18@gmail.com', 'pipadesai@gmail.com', 'bhavikd73@gmail.com']
users: ['karmasmart216@gmail.com']
*********************************
users: ['karmpatel216@gmail.com', 'nencyp124@gmail.com', 'malavmevada2000@gmail.com', 'dhwanid2001@gmail.com']
users: ['psangita492@gmail.com', 'zeelpatel48964896@gmail.com']
users: ['sangita13375@gmail.com']
users: ['smitpanchal42@gmail.com']
users: ['aacharya8085@gmail.com']
users: ['vishwapatel9804@gmail.com']
users: ['deepvaghela1082001@gmail.com', 'mahishapatel3220@gmail.com', 'mahishapatel25.09@gmail.com']
users: ['lavenderp0px0@gmail.com']
users: ['ishapatel2021@gmail.com']
users: ['dhvanice@gmail.com']
users: ['ew25873@gmail.com']
users: ['dhwanib.desai@gmail.com']
users: ['gbdesai18@gmail.com', 'pipadesai@gmail.com', 'bhavikd73@gmail.com']
users: ['karmasmart216@gmail.com']
*********************************
users: ['karmpatel216@gmail.com', 'nencyp124@gmail.com', 'malavmevada2000@gmail.com', 'dhwanid2001@gmail.com']
users: ['psangita492@gmail.com', 'zeelpatel48964896@gmail.com']
users: ['sangita13375@gmail.com']
users: ['smitpanchal42@gmail.com']
users: ['aacharya8085@gmail.com']
users: ['vishwapatel9804@gmail.com']
users: ['deepvaghela1082001@gmail.com', 'mahishapatel3220@gmail.com', 'mahishapatel25.09@gmail.com']
users: ['lavenderp0px0@gmail.com']
users: ['ishapatel2021@gmail.com']
users: ['dhvanice@gmail.com']
users: ['ew25873@gmail.com']
users: ['dhwanib.desai@gmail.com']
users: ['gbdesai18@gmail.com', 'pipadesai@gmail.com', 'bhavikd73@gmail.com']
users: ['karmasmart216@gmail.com']
*********************************
users: ['karmpatel216@gmail.com', 'nencyp124@gmail.com', 'malavmevada2000@gmail.com', 'dhwanid2001@gmail.com']
users: ['psangita492@gmail.com', 'zeelpatel48964896@gmail.com']
users: ['sangita13375@gmail.com']
users: ['smitpanchal42@gmail.com']
users: ['aacharya8085@gmail.com']
users: ['vishwapatel9804@gmail.com']
users: ['deepvaghela1082001@gmail.com', 'mahishapatel3220@gmail.com', 'mahishapatel25.09@gmail.com']cat: Corporation.csv: No such file or directory
cat: Corporation.csv: No such file or directory
cat: Corporation.csv: No such file or directory
cat: Corporation.csv: No such file or directory
cat: Corporation.csv: No such file or directory
cat: Corporation.csv: No such file or directory
cat: Corporation.csv: No such file or directory
cat: Corporation.csv: No such file or directory
users: ['karmpatel216@gmail.com', 'nencyp124@gmail.com', 'malavmevada2000@gmail.com', 'dhwanid2001@gmail.com']
Gujarat_Ahmedabad - data added
users: ['psangita492@gmail.com', 'zeelpatel48964896@gmail.com']
Gujarat_Kutch - data added
users: ['sangita13375@gmail.com']
Gujarat_Ahmedabad Corporation - data added
users: ['smitpanchal42@gmail.com']
382481 - data added
users: ['aacharya8085@gmail.com']
Gujarat_Gandhinagar - data added
users: ['vishwapatel9804@gmail.com']
380015 - data added
users: ['deepvaghela1082001@gmail.com', 'mahishapatel3220@gmail.com', 'mahishapatel25.09@gmail.com']
380051 - data added
users: ['lavenderp0px0@gmail.com']
382330 - data added
users: ['ishapatel2021@gmail.com']
Gujarat_Surat - data added
users: ['dhvanice@gmail.com']
380009 - data added
users: ['ew25873@gmail.com']
380015 - data added
users: ['dhwanib.desai@gmail.com']
380007 - data added
users: ['gbdesai18@gmail.com', 'pipadesai@gmail.com', 'bhavikd73@gmail.com']
380006 - data added
users: ['karmasmart216@gmail.com']
Gujarat_Sabarkantha - data added
*********************************
users: ['karmpatel216@gmail.com', 'nencyp124@gmail.com', 'malavmevada2000@gmail.com', 'dhwanid2001@gmail.com']
Gujarat_Ahmedabad - data added
users: ['psangita492@gmail.com', 'zeelpatel48964896@gmail.com']
Gujarat_Kutch - data added
users: ['sangita13375@gmail.com']
Gujarat_Ahmedabad Corporation - data added
users: ['smitpanchal42@gmail.com']
382481 - data added
users: ['aacharya8085@gmail.com']
Gujarat_Gandhinagar - data added
users: ['vishwapatel9804@gmail.com']
380015 - data added
users: ['deepvaghela1082001@gmail.com', 'mahishapatel3220@gmail.com', 'mahishapatel25.09@gmail.com']
380051 - data added
users: ['lavenderp0px0@gmail.com']
382330 - data added
users: ['ishapatel2021@gmail.com']
Gujarat_Surat - data added
users: ['dhvanice@gmail.com']
380009 - data added
users: ['ew25873@gmail.com']
380015 - data added
users: ['dhwanib.desai@gmail.com']
380007 - data added
users: ['gbdesai18@gmail.com', 'pipadesai@gmail.com', 'bhavikd73@gmail.com']
380006 - data added
users: ['karmasmart216@gmail.com']
Gujarat_Sabarkantha - data added
*********************************
users: ['karmpatel216@gmail.com', 'nencyp124@gmail.com', 'malavmevada2000@gmail.com', 'dhwanid2001@gmail.com']
Gujarat_Ahmedabad - data added
users: ['psangita492@gmail.com', 'zeelpatel48964896@gmail.com']
Gujarat_Kutch - data added
users: ['sangita13375@gmail.com']
Gujarat_Ahmedabad Corporation - data added
users: ['smitpanchal42@gmail.com']
382481 - data added
users: ['aacharya8085@gmail.com']
Gujarat_Gandhinagar - data added
users: ['vishwapatel9804@gmail.com']
380015 - data added
users: ['deepvaghela1082001@gmail.com', 'mahishapatel3220@gmail.com', 'mahishapatel25.09@gmail.com']
380051 - data added
users: ['lavenderp0px0@gmail.com']
382330 - data added
users: ['ishapatel2021@gmail.com']
Gujarat_Surat - data added
users: ['dhvanice@gmail.com']
380009 - data added
users: ['ew25873@gmail.com']
380015 - data added
users: ['dhwanib.desai@gmail.com']
380007 - data added
users: ['gbdesai18@gmail.com', 'pipadesai@gmail.com', 'bhavikd73@gmail.com']
380006 - data added
users: ['karmasmart216@gmail.com']
Gujarat_Sabarkantha - data added
*********************************
users: ['karmpatel216@gmail.com', 'nencyp124@gmail.com', 'malavmevada2000@gmail.com', 'dhwanid2001@gmail.com']
Gujarat_Ahmedabad - data added
users: ['psangita492@gmail.com', 'zeelpatel48964896@gmail.com']
Gujarat_Kutch - data added
users: ['sangita13375@gmail.com']
Gujarat_Ahmedabad Corporation - data added
users: ['smitpanchal42@gmail.com']
382481 - data added
users: ['vishwapatel9804@gmail.com']
380015 - data added
users: ['deepvaghela1082001@gmail.com', 'mahishapatel3220@gmail.com', 'mahishapatel25.09@gmail.com']
380051 - data added
users: ['lavenderp0px0@gmail.com']
382330 - data added
users: ['ishapatel2021@gmail.com']
Gujarat_Surat - data added
users: ['dhvanice@gmail.com']
380009 - data added
users: ['ew25873@gmail.com']
380015 - data added
users: ['dhwanib.desai@gmail.com']
380007 - data added
users: ['gbdesai18@gmail.com', 'pipadesai@gmail.com', 'bhavikd73@gmail.com']
380006 - data added
users: ['karmasmart216@gmail.com']
Gujarat_Sabarkantha - data added
users: ['aacharya8085@gmail.com']
370140 - data added
*********************************
users: ['karmpatel216@gmail.com', 'nencyp124@gmail.com', 'malavmevada2000@gmail.com', 'dhwanid2001@gmail.com']
Gujarat_Ahmedabad - data added
users: ['psangita492@gmail.com', 'zeelpatel48964896@gmail.com']
Gujarat_Kutch - data added
users: ['sangita13375@gmail.com']
Gujarat_Ahmedabad Corporation - data added
users: ['smitpanchal42@gmail.com']
382481 - data added
users: ['vishwapatel9804@gmail.com']
380015 - data added
users: ['deepvaghela1082001@gmail.com', 'mahishapatel3220@gmail.com', 'mahishapatel25.09@gmail.com']
380051 - data added
users: ['lavenderp0px0@gmail.com']
382330 - data added
users: ['ishapatel2021@gmail.com']
Gujarat_Surat - data added
users: ['dhvanice@gmail.com']
380009 - data added
users: ['ew25873@gmail.com']
380015 - data added
users: ['dhwanib.desai@gmail.com']
380007 - data added
users: ['gbdesai18@gmail.com', 'pipadesai@gmail.com', 'bhavikd73@gmail.com']
380006 - data added
users: ['karmasmart216@gmail.com']
Gujarat_Sabarkantha - data added
users: ['aacharya8085@gmail.com']
370140 - data added
*********************************
users: ['karmpatel216@gmail.com', 'nencyp124@gmail.com', 'malavmevada2000@gmail.com', 'dhwanid2001@gmail.com']
Gujarat_Ahmedabad - data added
users: ['psangita492@gmail.com', 'zeelpatel48964896@gmail.com']
Gujarat_Kutch - data added
users: ['sangita13375@gmail.com']
Gujarat_Ahmedabad Corporation - data added
users: ['smitpanchal42@gmail.com']
382481 - data added
users: ['vishwapatel9804@gmail.com']
380015 - data added
users: ['deepvaghela1082001@gmail.com', 'mahishapatel3220@gmail.com', 'mahishapatel25.09@gmail.com']
380051 - data added
users: ['lavenderp0px0@gmail.com']
382330 - data added
users: ['ishapatel2021@gmail.com']
Gujarat_Surat - data added
users: ['dhvanice@gmail.com']
380009 - data added
users: ['ew25873@gmail.com']
380015 - data added
users: ['dhwanib.desai@gmail.com']
380007 - data added
users: ['gbdesai18@gmail.com', 'pipadesai@gmail.com', 'bhavikd73@gmail.com']
380006 - data added
users: ['karmasmart216@gmail.com']
Gujarat_Sabarkantha - data added
users: ['aacharya8085@gmail.com']
370140 - data added
*********************************
users: ['karmpatel216@gmail.com', 'nencyp124@gmail.com', 'malavmevada2000@gmail.com', 'dhwanid2001@gmail.com']
Gujarat_Ahmedabad - data added
users: ['psangita492@gmail.com', 'zeelpatel48964896@gmail.com']
Gujarat_Kutch - data added
users: ['sangita13375@gmail.com']
Gujarat_Ahmedabad Corporation - data added
users: ['smitpanchal42@gmail.com']
382481 - data added
users: ['vishwapatel9804@gmail.com']
380015 - data added
users: ['deepvaghela1082001@gmail.com', 'mahishapatel3220@gmail.com', 'mahishapatel25.09@gmail.com']
380051 - data added
users: ['lavenderp0px0@gmail.com']
382330 - data added
users: ['ishapatel2021@gmail.com']
Gujarat_Surat - data added
users: ['dhvanice@gmail.com']
380009 - data added
users: ['ew25873@gmail.com']
380015 - data added
users: ['dhwanib.desai@gmail.com']
380007 - data added
users: ['gbdesai18@gmail.com', 'pipadesai@gmail.com', 'bhavikd73@gmail.com']
380006 - data added
users: ['karmasmart216@gmail.com']
Gujarat_Sabarkantha - data added
users: ['jigna@gmail.com']
370110 - data added
*********************************
users: ['karmpatel216@gmail.com', 'nencyp124@gmail.com', 'malavmevada2000@gmail.com', 'dhwanid2001@gmail.com']
Gujarat_Ahmedabad - data added
users: ['psangita492@gmail.com', 'zeelpatel48964896@gmail.com']
Gujarat_Kutch - data added
users: ['sangita13375@gmail.com']
Gujarat_Ahmedabad Corporation - data added
users: ['smitpanchal42@gmail.com']
382481 - data added
users: ['vishwapatel9804@gmail.com']
380015 - data added
users: ['deepvaghela1082001@gmail.com', 'mahishapatel3220@gmail.com', 'mahishapatel25.09@gmail.com']
380051 - data added
users: ['lavenderp0px0@gmail.com']
382330 - data added
users: ['ishapatel2021@gmail.com']
Gujarat_Surat - data added
users: ['dhvanice@gmail.com']
380009 - data addedcat: Corporation.csv: No such file or directory
cat: Corporation.csv: No such file or directory
cat: Corporation.csv: No such file or directory
cat: Corporation.csv: No such file or directory
cat: Corporation.csv: No such file or directory
cat: Corporation.csv: No such file or directory

users: ['ew25873@gmail.com']
380015 - data added
users: ['dhwanib.desai@gmail.com']
380007 - data added
users: ['gbdesai18@gmail.com', 'pipadesai@gmail.com', 'bhavikd73@gmail.com']
380006 - data added
users: ['karmasmart216@gmail.com']
Gujarat_Sabarkantha - data added
users: ['jigna@gmail.com']
370110 - data added
users: ['aacharya8085@gmail.com']
370140 - data added
vaccine is available in 370140 for age 45+
2021-05-08 12:17:10.303931 - mail sent to-['aacharya8085@gmail.com'] $$$$$$$$$$$$$$$$$$$$$$$$$
*********************************
users: ['karmpatel216@gmail.com', 'nencyp124@gmail.com', 'malavmevada2000@gmail.com', 'dhwanid2001@gmail.com']
Gujarat_Ahmedabad - data added
users: ['psangita492@gmail.com', 'zeelpatel48964896@gmail.com']
Gujarat_Kutch - data added
users: ['sangita13375@gmail.com']
Gujarat_Ahmedabad Corporation - data added
users: ['smitpanchal42@gmail.com']
382481 - data added
users: ['vishwapatel9804@gmail.com']
380015 - data added
users: ['deepvaghela1082001@gmail.com', 'mahishapatel3220@gmail.com', 'mahishapatel25.09@gmail.com']
380051 - data added
users: ['lavenderp0px0@gmail.com']
382330 - data added
users: ['ishapatel2021@gmail.com']
Gujarat_Surat - data added
users: ['dhvanice@gmail.com']
380009 - data added
users: ['ew25873@gmail.com']
380015 - data added
users: ['dhwanib.desai@gmail.com']
380007 - data added
users: ['gbdesai18@gmail.com', 'pipadesai@gmail.com', 'bhavikd73@gmail.com']
380006 - data added
users: ['karmasmart216@gmail.com']
Gujarat_Sabarkantha - data added
users: ['aacharya8085@gmail.com']
370140 - data added
vaccine is available in 370140 for age 45+
2021-05-08 12:22:15.453764 - mail sent to-['aacharya8085@gmail.com'] $$$$$$$$$$$$$$$$$$$$$$$$$
users: ['jigna@gmail.com']
370110 - data added
*********************************
users: ['karmpatel216@gmail.com', 'nencyp124@gmail.com', 'malavmevada2000@gmail.com', 'dhwanid2001@gmail.com']
Gujarat_Ahmedabad - data added
users: ['psangita492@gmail.com', 'zeelpatel48964896@gmail.com']
Gujarat_Kutch - data added
users: ['sangita13375@gmail.com']
Gujarat_Ahmedabad Corporation - data added
users: ['smitpanchal42@gmail.com']
382481 - data added
users: ['vishwapatel9804@gmail.com']
380015 - data added
users: ['deepvaghela1082001@gmail.com', 'mahishapatel3220@gmail.com', 'mahishapatel25.09@gmail.com']
380051 - data added
users: ['lavenderp0px0@gmail.com']
382330 - data added
users: ['ishapatel2021@gmail.com']
Gujarat_Surat - data added
users: ['dhvanice@gmail.com']
380009 - data added
users: ['ew25873@gmail.com']
380015 - data added
users: ['dhwanib.desai@gmail.com']
380007 - data added
users: ['gbdesai18@gmail.com', 'pipadesai@gmail.com', 'bhavikd73@gmail.com']
380006 - data added
users: ['karmasmart216@gmail.com']
Gujarat_Sabarkantha - data added
users: ['aacharya8085@gmail.com']
370140 - data added
vaccine is available in 370140 for age 45+
2021-05-08 12:27:20.750661 - mail sent to-['aacharya8085@gmail.com'] $$$$$$$$$$$$$$$$$$$$$$$$$
users: ['jigna@gmail.com']
*********************************
users: ['karmpatel216@gmail.com', 'nencyp124@gmail.com', 'malavmevada2000@gmail.com', 'dhwanid2001@gmail.com']
Gujarat_Ahmedabad - data added
users: ['psangita492@gmail.com', 'zeelpatel48964896@gmail.com']
Gujarat_Kutch - data added
vaccine is available in 170 for age 18+
2021-05-08 12:32:24.555311 - mail sent to-['psangita492@gmail.com', 'zeelpatel48964896@gmail.com'] $$$$$$$$$$$$$$$$$$$$$$$$$
users: ['sangita13375@gmail.com']
Gujarat_Ahmedabad Corporation - data added
users: ['smitpanchal42@gmail.com']
382481 - data added
users: ['vishwapatel9804@gmail.com']
380015 - data added
users: ['deepvaghela1082001@gmail.com', 'mahishapatel3220@gmail.com', 'mahishapatel25.09@gmail.com']
380051 - data added
users: ['lavenderp0px0@gmail.com']
382330 - data added
users: ['ishapatel2021@gmail.com']
Gujarat_Surat - data added
users: ['dhvanice@gmail.com']
380009 - data added
users: ['ew25873@gmail.com']
380015 - data added
users: ['dhwanib.desai@gmail.com']
380007 - data added
users: ['gbdesai18@gmail.com', 'pipadesai@gmail.com', 'bhavikd73@gmail.com']
380006 - data added
users: ['karmasmart216@gmail.com']
Gujarat_Sabarkantha - data added
users: ['aacharya8085@gmail.com']
370140 - data added
vaccine is available in 370140 for age 45+
2021-05-08 12:32:29.358066 - mail sent to-['aacharya8085@gmail.com'] $$$$$$$$$$$$$$$$$$$$$$$$$
users: ['jigna@gmail.com']
370110 - data added
vaccine is available in 370110 for age 18+
2021-05-08 12:32:32.124334 - mail sent to-['jigna@gmail.com'] $$$$$$$$$$$$$$$$$$$$$$$$$
*********************************
users: ['karmpatel216@gmail.com', 'nencyp124@gmail.com', 'malavmevada2000@gmail.com', 'dhwanid2001@gmail.com']
Gujarat_Ahmedabad - data added
users: ['psangita492@gmail.com', 'zeelpatel48964896@gmail.com']
Gujarat_Kutch - data added
users: ['sangita13375@gmail.com']
Gujarat_Ahmedabad Corporation - data added
users: ['smitpanchal42@gmail.com']
382481 - data added
users: ['vishwapatel9804@gmail.com']
380015 - data added
users: ['deepvaghela1082001@gmail.com', 'mahishapatel3220@gmail.com', 'mahishapatel25.09@gmail.com']
380051 - data added
users: ['lavenderp0px0@gmail.com']
382330 - data added
users: ['ishapatel2021@gmail.com']
Gujarat_Surat - data added
users: ['dhvanice@gmail.com']
380009 - data added
users: ['ew25873@gmail.com']
380015 - data added
users: ['dhwanib.desai@gmail.com']
380007 - data added
users: ['gbdesai18@gmail.com', 'pipadesai@gmail.com', 'bhavikd73@gmail.com']
380006 - data added
users: ['karmasmart216@gmail.com']
Gujarat_Sabarkantha - data added
users: ['aacharya8085@gmail.com']
370140 - data added
vaccine is available in 370140 for age 45+
2021-05-08 12:37:37.488246 - mail sent to-['aacharya8085@gmail.com'] $$$$$$$$$$$$$$$$$$$$$$$$$
users: ['jigna@gmail.com']
370110 - data added
*********************************
users: ['karmpatel216@gmail.com', 'nencyp124@gmail.com', 'malavmevada2000@gmail.com', 'dhwanid2001@gmail.com']
Gujarat_Ahmedabad - data added
users: ['psangita492@gmail.com', 'zeelpatel48964896@gmail.com', 'Patel.kp1978@gmail.com']
Gujarat_Kutch - data added
users: ['sangita13375@gmail.com']
Gujarat_Ahmedabad Corporation - data added
users: ['smitpanchal42@gmail.com']
382481 - data added
users: ['vishwapatel9804@gmail.com']
380015 - data added
users: ['deepvaghela1082001@gmail.com', 'mahishapatel3220@gmail.com', 'mahishapatel25.09@gmail.com']
380051 - data added
users: ['lavenderp0px0@gmail.com']
382330 - data added
users: ['ishapatel2021@gmail.com']
Gujarat_Surat - data added
users: ['dhvanice@gmail.com']
380009 - data added
users: ['ew25873@gmail.com']
380015 - data added
users: ['dhwanib.desai@gmail.com']
380007 - data added
users: ['gbdesai18@gmail.com', 'pipadesai@gmail.com', 'bhavikd73@gmail.com']
380006 - data added
users: ['karmasmart216@gmail.com']
Gujarat_Sabarkantha - data added
users: ['aacharya8085@gmail.com']
370140 - data added
vaccine is available in 370140 for age 45+
2021-05-08 12:42:42.621215 - mail sent to-['aacharya8085@gmail.com'] $$$$$$$$$$$$$$$$$$$$$$$$$
users: ['jigna@gmail.com']
370110 - data added
*********************************
users: ['karmpatel216@gmail.com', 'nencyp124@gmail.com', 'malavmevada2000@gmail.com', 'dhwanid2001@gmail.com']
Gujarat_Ahmedabad - data added
users: ['psangita492@gmail.com', 'zeelpatel48964896@gmail.com', 'patel.kp1978@gmail.com']
Gujarat_Kutch - data added
users: ['sangita13375@gmail.com']
Gujarat_Ahmedabad Corporation - data added
users: ['smitpanchal42@gmail.com']
382481 - data added
users: ['vishwapatel9804@gmail.com']
380015 - data added
users: ['deepvaghela1082001@gmail.com', 'mahishapatel3220@gmail.com', 'mahishapatel25.09@gmail.com']
380051 - data added
users: ['lavenderp0px0@gmail.com']
382330 - data added
users: ['ishapatel2021@gmail.com']
Gujarat_Surat - data added
users: ['dhvanice@gmail.com']
380009 - data added
users: ['ew25873@gmail.com']
380015 - data added
users: ['dhwanib.desai@gmail.com']
380007 - data added
users: ['gbdesai18@gmail.com', 'pipadesai@gmail.com', 'bhavikd73@gmail.com']
380006 - data added
users: ['karmasmart216@gmail.com']
Gujarat_Sabarkantha - data added
users: ['aacharya8085@gmail.com']
370140 - data added
vaccine is available in 370140 for age 45+